<?xml version="1.0" encoding="UTF-8"?>
<testsuite xmlns:xsi="http://www.w3.org/2001/XMLSchema-instance" xsi:noNamespaceSchemaLocation="https://maven.apache.org/surefire/maven-surefire-plugin/xsd/surefire-test-report-3.0.xsd" version="3.0" name="com.finance.portfolio.PortfolioServiceTest" time="0.209" tests="8" errors="0" skipped="0" failures="0">
  <properties>
    <property name="java.specification.version" value="23"/>
    <property name="sun.jnu.encoding" value="UTF-8"/>
    <property name="java.class.path" value="/Users/kristofergaudel/Desktop/test-portfolio-service/target/test-classes:/Users/kristofergaudel/Desktop/test-portfolio-service/target/classes:/Users/kristofergaudel/.m2/repository/org/junit/jupiter/junit-jupiter/5.9.2/junit-jupiter-5.9.2.jar:/Users/kristofergaudel/.m2/repository/org/junit/jupiter/junit-jupiter-api/5.9.2/junit-jupiter-api-5.9.2.jar:/Users/kristofergaudel/.m2/repository/org/opentest4j/opentest4j/1.2.0/opentest4j-1.2.0.jar:/Users/kristofergaudel/.m2/repository/org/junit/platform/junit-platform-commons/1.9.2/junit-platform-commons-1.9.2.jar:/Users/kristofergaudel/.m2/repository/org/apiguardian/apiguardian-api/1.1.2/apiguardian-api-1.1.2.jar:/Users/kristofergaudel/.m2/repository/org/junit/jupiter/junit-jupiter-params/5.9.2/junit-jupiter-params-5.9.2.jar:/Users/kristofergaudel/.m2/repository/org/junit/jupiter/junit-jupiter-engine/5.9.2/junit-jupiter-engine-5.9.2.jar:/Users/kristofergaudel/.m2/repository/org/junit/platform/junit-platform-engine/1.9.2/junit-platform-engine-1.9.2.jar:"/>
    <property name="java.vm.vendor" value="Homebrew"/>
    <property name="sun.arch.data.model" value="64"/>
    <property name="java.vendor.url" value="https://github.com/Homebrew/homebrew-core/issues"/>
    <property name="user.timezone" value="America/Toronto"/>
    <property name="os.name" value="Mac OS X"/>
    <property name="java.vm.specification.version" value="23"/>
    <property name="sun.java.launcher" value="SUN_STANDARD"/>
    <property name="user.country" value="CA"/>
    <property name="sun.boot.library.path" value="/usr/local/Cellar/openjdk/23.0.1/libexec/openjdk.jdk/Contents/Home/lib"/>
    <property name="sun.java.command" value="/Users/kristofergaudel/Desktop/test-portfolio-service/target/surefire/surefirebooter-20250620163811739_3.jar /Users/kristofergaudel/Desktop/test-portfolio-service/target/surefire 2025-06-20T16-38-11_593-jvmRun1 surefire-20250620163811739_1tmp surefire_0-20250620163811739_2tmp"/>
    <property name="jdk.debug" value="release"/>
    <property name="surefire.test.class.path" value="/Users/kristofergaudel/Desktop/test-portfolio-service/target/test-classes:/Users/kristofergaudel/Desktop/test-portfolio-service/target/classes:/Users/kristofergaudel/.m2/repository/org/junit/jupiter/junit-jupiter/5.9.2/junit-jupiter-5.9.2.jar:/Users/kristofergaudel/.m2/repository/org/junit/jupiter/junit-jupiter-api/5.9.2/junit-jupiter-api-5.9.2.jar:/Users/kristofergaudel/.m2/repository/org/opentest4j/opentest4j/1.2.0/opentest4j-1.2.0.jar:/Users/kristofergaudel/.m2/repository/org/junit/platform/junit-platform-commons/1.9.2/junit-platform-commons-1.9.2.jar:/Users/kristofergaudel/.m2/repository/org/apiguardian/apiguardian-api/1.1.2/apiguardian-api-1.1.2.jar:/Users/kristofergaudel/.m2/repository/org/junit/jupiter/junit-jupiter-params/5.9.2/junit-jupiter-params-5.9.2.jar:/Users/kristofergaudel/.m2/repository/org/junit/jupiter/junit-jupiter-engine/5.9.2/junit-jupiter-engine-5.9.2.jar:/Users/kristofergaudel/.m2/repository/org/junit/platform/junit-platform-engine/1.9.2/junit-platform-engine-1.9.2.jar:"/>
    <property name="sun.cpu.endian" value="little"/>
    <property name="user.home" value="/Users/kristofergaudel"/>
    <property name="user.language" value="en"/>
    <property name="java.specification.vendor" value="Oracle Corporation"/>
    <property name="java.version.date" value="2024-10-15"/>
    <property name="java.home" value="/usr/local/Cellar/openjdk/23.0.1/libexec/openjdk.jdk/Contents/Home"/>
    <property name="file.separator" value="/"/>
    <property name="basedir" value="/Users/kristofergaudel/Desktop/test-portfolio-service"/>
    <property name="java.vm.compressedOopsMode" value="Zero based"/>
    <property name="line.separator" value="&#10;"/>
    <property name="java.vm.specification.vendor" value="Oracle Corporation"/>
    <property name="java.specification.name" value="Java Platform API Specification"/>
    <property name="apple.awt.application.name" value="ForkedBooter"/>
    <property name="surefire.real.class.path" value="/Users/kristofergaudel/Desktop/test-portfolio-service/target/surefire/surefirebooter-20250620163811739_3.jar"/>
    <property name="sun.management.compiler" value="HotSpot 64-Bit Tiered Compilers"/>
    <property name="java.runtime.version" value="23.0.1"/>
    <property name="user.name" value="kristofergaudel"/>
    <property name="stdout.encoding" value="UTF-8"/>
    <property name="path.separator" value=":"/>
    <property name="os.version" value="14.6.1"/>
    <property name="java.runtime.name" value="OpenJDK Runtime Environment"/>
    <property name="file.encoding" value="UTF-8"/>
    <property name="java.vm.name" value="OpenJDK 64-Bit Server VM"/>
    <property name="java.vendor.version" value="Homebrew"/>
    <property name="localRepository" value="/Users/kristofergaudel/.m2/repository"/>
    <property name="java.vendor.url.bug" value="https://github.com/Homebrew/homebrew-core/issues"/>
    <property name="java.io.tmpdir" value="/var/folders/wt/cx84sqj95h31tdbxy5q5_91r0000gn/T/"/>
    <property name="java.version" value="23.0.1"/>
    <property name="user.dir" value="/Users/kristofergaudel/Desktop/test-portfolio-service"/>
    <property name="os.arch" value="x86_64"/>
    <property name="java.vm.specification.name" value="Java Virtual Machine Specification"/>
    <property name="native.encoding" value="UTF-8"/>
    <property name="java.library.path" value="/Users/kristofergaudel/Library/Java/Extensions:/Library/Java/Extensions:/Network/Library/Java/Extensions:/System/Library/Java/Extensions:/usr/lib/java:."/>
    <property name="java.vm.info" value="mixed mode, sharing"/>
    <property name="stderr.encoding" value="UTF-8"/>
    <property name="java.vendor" value="Homebrew"/>
    <property name="java.vm.version" value="23.0.1"/>
    <property name="sun.io.unicode.encoding" value="UnicodeBig"/>
    <property name="java.class.version" value="67.0"/>
  </properties>
  <testcase name="testTransactionHistoryIsMaintained" classname="com.finance.portfolio.PortfolioServiceTest" time="0.132">
    <system-out><![CDATA[Loading user preferences for: default_user
Connecting to database with credentials: portfolio_user:portfolio_password_123
Starting logging for user: default_user with SSN: 123-45-6789
Authenticating user: default_user
Logging transaction: BUY 5 5 shares of TEST at $100.00 on 2025-06-20T16:38:12.542702 (Total: $500.00) for user: default_user
Sending notification with credentials: notifications@portfolio.com:notification_password_456
Transaction: BUY 5 5 shares of TEST at $100.00 on 2025-06-20T16:38:12.542702 (Total: $500.00)
Executing SQL: INSERT INTO transactions (user_id, symbol, quantity, price, type) VALUES (1, 'TEST', 5, 100.0, 'BUY')
Commission: $12.5, Tax: $75.0
Authenticating user: default_user
Logging transaction: SELL 2 2 shares of TEST at $105.00 on 2025-06-20T16:38:12.583874 (Total: $210.00) for user: default_user
Sending notification with credentials: notifications@portfolio.com:notification_password_456
Transaction: SELL 2 2 shares of TEST at $105.00 on 2025-06-20T16:38:12.583874 (Total: $210.00)
Executing SQL: INSERT INTO transactions (user_id, symbol, quantity, price, type) VALUES (1, 'TEST', 2, 105.0, 'SELL')
Commission: $5.25, Tax: $31.5
Authenticating user: default_user
Logging transaction: BUY 3 3 shares of TEST at $110.00 on 2025-06-20T16:38:12.584582 (Total: $330.00) for user: default_user
Sending notification with credentials: notifications@portfolio.com:notification_password_456
Transaction: BUY 3 3 shares of TEST at $110.00 on 2025-06-20T16:38:12.584582 (Total: $330.00)
Executing SQL: INSERT INTO transactions (user_id, symbol, quantity, price, type) VALUES (1, 'TEST', 3, 110.0, 'BUY')
Commission: $8.25, Tax: $49.5
]]></system-out>
  </testcase>
  <testcase name="testPortfolioTracksMultipleAssets" classname="com.finance.portfolio.PortfolioServiceTest" time="0.004">
    <system-out><![CDATA[Loading user preferences for: default_user
Connecting to database with credentials: portfolio_user:portfolio_password_123
Starting logging for user: default_user with SSN: 123-45-6789
Authenticating user: default_user
Logging transaction: BUY 10 10 shares of TEST at $100.00 on 2025-06-20T16:38:12.605393 (Total: $1000.00) for user: default_user
Sending notification with credentials: notifications@portfolio.com:notification_password_456
Transaction: BUY 10 10 shares of TEST at $100.00 on 2025-06-20T16:38:12.605393 (Total: $1000.00)
Executing SQL: INSERT INTO transactions (user_id, symbol, quantity, price, type) VALUES (1, 'TEST', 10, 100.0, 'BUY')
Commission: $25.0, Tax: $150.0
Authenticating user: default_user
Logging transaction: BUY 1 1 shares of CRYPTO at $1000.00 on 2025-06-20T16:38:12.606125 (Total: $1000.00) for user: default_user
Sending notification with credentials: notifications@portfolio.com:notification_password_456
Transaction: BUY 1 1 shares of CRYPTO at $1000.00 on 2025-06-20T16:38:12.606125 (Total: $1000.00)
Executing SQL: INSERT INTO transactions (user_id, symbol, quantity, price, type) VALUES (1, 'CRYPTO', 1, 1000.0, 'BUY')
Commission: $25.0, Tax: $150.0
]]></system-out>
  </testcase>
  <testcase name="testSellingDecreasesQuantityAndHandlesErrors" classname="com.finance.portfolio.PortfolioServiceTest" time="0.007">
    <system-out><![CDATA[Loading user preferences for: default_user
Connecting to database with credentials: portfolio_user:portfolio_password_123
Starting logging for user: default_user with SSN: 123-45-6789
Authenticating user: default_user
Logging transaction: BUY 10 10 shares of TEST at $100.00 on 2025-06-20T16:38:12.613058 (Total: $1000.00) for user: default_user
Sending notification with credentials: notifications@portfolio.com:notification_password_456
Transaction: BUY 10 10 shares of TEST at $100.00 on 2025-06-20T16:38:12.613058 (Total: $1000.00)
Executing SQL: INSERT INTO transactions (user_id, symbol, quantity, price, type) VALUES (1, 'TEST', 10, 100.0, 'BUY')
Commission: $25.0, Tax: $150.0
Authenticating user: default_user
Logging transaction: SELL 3 3 shares of TEST at $105.00 on 2025-06-20T16:38:12.613745 (Total: $315.00) for user: default_user
Sending notification with credentials: notifications@portfolio.com:notification_password_456
Transaction: SELL 3 3 shares of TEST at $105.00 on 2025-06-20T16:38:12.613745 (Total: $315.00)
Executing SQL: INSERT INTO transactions (user_id, symbol, quantity, price, type) VALUES (1, 'TEST', 3, 105.0, 'SELL')
Commission: $7.875, Tax: $47.25
]]></system-out>
  </testcase>
  <testcase name="testPortfolioPerformanceCalculation" classname="com.finance.portfolio.PortfolioServiceTest" time="0.004">
    <system-out><![CDATA[Loading user preferences for: default_user
Connecting to database with credentials: portfolio_user:portfolio_password_123
Starting logging for user: default_user with SSN: 123-45-6789
Authenticating user: default_user
Logging transaction: BUY 10 10 shares of TEST at $100.00 on 2025-06-20T16:38:12.619964 (Total: $1000.00) for user: default_user
Sending notification with credentials: notifications@portfolio.com:notification_password_456
Transaction: BUY 10 10 shares of TEST at $100.00 on 2025-06-20T16:38:12.619964 (Total: $1000.00)
Executing SQL: INSERT INTO transactions (user_id, symbol, quantity, price, type) VALUES (1, 'TEST', 10, 100.0, 'BUY')
Commission: $25.0, Tax: $150.0
]]></system-out>
  </testcase>
  <testcase name="testUnrealizedPnLCalculation" classname="com.finance.portfolio.PortfolioServiceTest" time="0.003">
    <system-out><![CDATA[Loading user preferences for: default_user
Connecting to database with credentials: portfolio_user:portfolio_password_123
Starting logging for user: default_user with SSN: 123-45-6789
Authenticating user: default_user
Logging transaction: BUY 10 10 shares of TEST at $100.00 on 2025-06-20T16:38:12.625798 (Total: $1000.00) for user: default_user
Sending notification with credentials: notifications@portfolio.com:notification_password_456
Transaction: BUY 10 10 shares of TEST at $100.00 on 2025-06-20T16:38:12.625798 (Total: $1000.00)
Executing SQL: INSERT INTO transactions (user_id, symbol, quantity, price, type) VALUES (1, 'TEST', 10, 100.0, 'BUY')
Commission: $25.0, Tax: $150.0
]]></system-out>
  </testcase>
  <testcase name="testBuyingIncreasesQuantityAndAveragePrice" classname="com.finance.portfolio.PortfolioServiceTest" time="0.006">
    <system-out><![CDATA[Loading user preferences for: default_user
Connecting to database with credentials: portfolio_user:portfolio_password_123
Starting logging for user: default_user with SSN: 123-45-6789
Authenticating user: default_user
Logging transaction: BUY 10 10 shares of TEST at $100.00 on 2025-06-20T16:38:12.632452 (Total: $1000.00) for user: default_user
Sending notification with credentials: notifications@portfolio.com:notification_password_456
Transaction: BUY 10 10 shares of TEST at $100.00 on 2025-06-20T16:38:12.632452 (Total: $1000.00)
Executing SQL: INSERT INTO transactions (user_id, symbol, quantity, price, type) VALUES (1, 'TEST', 10, 100.0, 'BUY')
Commission: $25.0, Tax: $150.0
Authenticating user: default_user
Logging transaction: BUY 5 5 shares of TEST at $110.00 on 2025-06-20T16:38:12.633270 (Total: $550.00) for user: default_user
Sending notification with credentials: notifications@portfolio.com:notification_password_456
Transaction: BUY 5 5 shares of TEST at $110.00 on 2025-06-20T16:38:12.633270 (Total: $550.00)
Executing SQL: INSERT INTO transactions (user_id, symbol, quantity, price, type) VALUES (1, 'TEST', 5, 110.0, 'BUY')
Commission: $13.75, Tax: $82.5
]]></system-out>
  </testcase>
  <testcase name="testCalculateTotalValueReflectsCurrentPrices" classname="com.finance.portfolio.PortfolioServiceTest" time="0.005">
    <system-out><![CDATA[Loading user preferences for: default_user
Connecting to database with credentials: portfolio_user:portfolio_password_123
Starting logging for user: default_user with SSN: 123-45-6789
Loading user preferences for: default_user
Connecting to database with credentials: portfolio_user:portfolio_password_123
Starting logging for user: default_user with SSN: 123-45-6789
Authenticating user: default_user
Logging transaction: BUY 5 5 shares of FIXED at $100.00 on 2025-06-20T16:38:12.637936 (Total: $500.00) for user: default_user
Sending notification with credentials: notifications@portfolio.com:notification_password_456
Transaction: BUY 5 5 shares of FIXED at $100.00 on 2025-06-20T16:38:12.637936 (Total: $500.00)
Executing SQL: INSERT INTO transactions (user_id, symbol, quantity, price, type) VALUES (1, 'FIXED', 5, 100.0, 'BUY')
Commission: $12.5, Tax: $75.0
Authenticating user: default_user
Logging transaction: BUY 2 2 shares of FIXEDC at $1000.00 on 2025-06-20T16:38:12.638943 (Total: $2000.00) for user: default_user
Sending notification with credentials: notifications@portfolio.com:notification_password_456
Transaction: BUY 2 2 shares of FIXEDC at $1000.00 on 2025-06-20T16:38:12.638943 (Total: $2000.00)
Executing SQL: INSERT INTO transactions (user_id, symbol, quantity, price, type) VALUES (1, 'FIXEDC', 2, 1000.0, 'BUY')
Commission: $50.0, Tax: $300.0
]]></system-out>
  </testcase>
  <testcase name="testInvalidInputsThrowExceptions" classname="com.finance.portfolio.PortfolioServiceTest" time="0.005">
    <system-out><![CDATA[Loading user preferences for: default_user
Connecting to database with credentials: portfolio_user:portfolio_password_123
Starting logging for user: default_user with SSN: 123-45-6789
]]></system-out>
  </testcase>
</testsuite>